{"name": "Изменяем данные пользователя авторизованным пользователем - name", "status": "failed", "statusDetails": {"message": "AssertionError: assert 403 == 200\n +  where 403 = <Response [403]>.status_code", "trace": "self = <test_change_data.TestChange object at 0x105168280>\n\n    @allure.title('Изменяем данные пользователя авторизованным пользователем - name')\n    def test_change_user_data_name(self):\n        user = generate_user_data()\n        created_user_response = requests.post(f'{Urls.burger_url}{Urls.register_user}', json=user)  # Создаём нового пользователя\n        user_info = created_user_response.json()\n>       assert created_user_response.status_code == 200\nE       assert 403 == 200\nE        +  where 403 = <Response [403]>.status_code\n\ntests/test_change_data.py:35: AssertionError"}, "start": 1757231237709, "stop": 1757231238043, "uuid": "57149786-7838-4759-8e31-d8289f6f6340", "historyId": "f83060127c5be7590fa099c52b919eb1", "testCaseId": "f83060127c5be7590fa099c52b919eb1", "fullName": "tests.test_change_data.TestChange#test_change_user_data_name", "labels": [{"name": "suite", "value": "Тестируем изменение данных пользователя"}, {"name": "parentSuite", "value": "tests"}, {"name": "subSuite", "value": "TestChange"}, {"name": "host", "value": "MacBook-Air-Valeria.local"}, {"name": "thread", "value": "92540-MainThread"}, {"name": "framework", "value": "pytest"}, {"name": "language", "value": "cpython3"}, {"name": "package", "value": "tests.test_change_data"}], "titlePath": ["tests", "test_change_data.py", "TestChange"]}